build/app/outputs/mapping/release/seeds.txt
com.example.fruits.MainActivity
com.example.fruits.MainActivity: MainActivity()
...
com.google.firebase.firestore.FirestoreRegistrar: FirestoreRegistrar()
io.flutter.embedding.android.FlutterImageView: io.flutter.embedding.engine.renderer.FlutterRenderer getAttachedRenderer()
androidx.lifecycle.Lifecycle$Event: androidx.lifecycle.Lifecycle$Event ON_START
com.google.protobuf.JavaType: com.google.protobuf.JavaType[] values()
com.google.android.gms.internal.measurement.zzfy: long zzN
io.flutter.embedding.engine.FlutterJNI: void handlePlatformMessage(java.lang.String,java.nio.ByteBuffer,int)
io.flutter.plugins.firebase.core.FlutterFirebaseCoreRegistrar: java.util.List getComponents()
androidx.versionedparcelable.CustomVersionedParcelable: CustomVersionedParcelable()
com.google.protobuf.GeneratedMessageLite$ExtendableMessage: com.google.protobuf.FieldSet extensions
com.google.firestore.v1.ListenResponse: com.google.protobuf.Parser PARSER
io.flutter.plugin.editing.ImeSyncDeferringInsetsCallback: android.view.View view
com.google.firestore.v1.StructuredQuery$CompositeFilter: int OP_FIELD_NUMBER
com.google.firestore.v1.StructuredQuery$FieldFilter
com.google.android.gms.internal.measurement.zzfy: long zzn
com.google.android.gms.internal.measurement.zzgh: long zzf
com.google.firestore.v1.Target$DocumentsTarget: int DOCUMENTS_FIELD_NUMBER
io.flutter.embedding.android.FlutterSplashView$SavedState: FlutterSplashView$SavedState(android.os.Parcel)
com.google.android.gms.internal.measurement.zzfy: java.lang.String zzv
androidx.core.graphics.drawable.IconCompat: IconCompat()
com.google.firestore.v1.CommitRequest: java.lang.String database_
com.google.firestore.v1.Value: int valueTypeCase_
com.google.firestore.v1.Document: java.lang.String name_
com.google.firestore.v1.WriteResponse: int WRITE_RESULTS_FIELD_NUMBER
com.google.firestore.v1.Value: int INTEGER_VALUE_FIELD_NUMBER
io.flutter.embedding.engine.renderer.SurfaceTextureWrapper: boolean released
com.google.android.gms.measurement.internal.AppMeasurementDynamiteService: void generateEventId(com.google.android.gms.internal.measurement.zzcf)
io.flutter.embedding.engine.FlutterOverlaySurface: FlutterOverlaySurface(int,android.view.Surface)
com.google.firebase.FirebaseCommonRegistrar: FirebaseCommonRegistrar()
androidx.lifecycle.Lifecycle$Event: androidx.lifecycle.Lifecycle$Event ON_CREATE
com.google.android.gms.internal.measurement.zzfy: long zzO
com.google.android.gms.internal.measurement.zzfi: java.lang.String zzl
com.google.firebase.firestore.FirestoreRegistrar: java.util.List getComponents()
io.flutter.embedding.android.FlutterImageView
io.flutter.embedding.engine.FlutterJNI: void setPlatformMessageHandler(io.flutter.embedding.engine.dart.PlatformMessageHandler)
io.flutter.embedding.engine.systemchannels.TextInputChannel$TextInputType: io.flutter.embedding.engine.systemchannels.TextInputChannel$TextInputType valueOf(java.lang.String)
com.google.firebase.firestore.util.Logger$Level: com.google.firebase.firestore.util.Logger$Level valueOf(java.lang.String)
com.google.android.gms.measurement.AppMeasurement: java.lang.String getAppInstanceId()
androidx.lifecycle.SingleGeneratedAdapterObserver
com.google.firestore.v1.DocumentTransform
io.flutter.embedding.engine.FlutterJNI: void nativeImageHeaderCallback(long,int,int)
com.google.android.gms.internal.measurement.zzgt: int zze
com.google.firestore.v1.WriteResponse: int COMMIT_TIME_FIELD_NUMBER
com.google.firestore.v1.TargetChange$TargetChangeType: com.google.firestore.v1.TargetChange$TargetChangeType[] values()
io.flutter.plugins.firebase.core.FlutterFirebasePlugin
com.google.android.gms.measurement.AppMeasurement$ConditionalUserProperty: java.lang.String mName
com.google.firestore.v1.Target$QueryTarget: int STRUCTURED_QUERY_FIELD_NUMBER
com.google.firestore.v1.TransactionOptions: com.google.firestore.v1.TransactionOptions DEFAULT_INSTANCE
com.google.android.gms.internal.measurement.zzes: com.google.android.gms.internal.measurement.zzel zzh