build/app/outputs/mapping/release/mapping.txt
# compiler: R8
# compiler_version: 2.1.62
# min_api: 19
# pg_map_id: 6189bb6
# common_typos_disable
...
com.google.firebase.database.collection.LLRBNode$Color -> com.google.firebase.o.a.h$a:
    com.google.firebase.database.collection.LLRBNode$Color RED -> j
    com.google.firebase.database.collection.LLRBNode$Color BLACK -> k
    com.google.firebase.database.collection.LLRBNode$Color[] $VALUES -> l
com.google.firebase.database.collection.LLRBRedValueNode -> com.google.firebase.o.a.i:
    boolean isRed() -> g
    com.google.firebase.database.collection.LLRBValueNode copy(java.lang.Object,java.lang.Object,com.google.firebase.database.collection.LLRBNode,com.google.firebase.database.collection.LLRBNode) -> k
    com.google.firebase.database.collection.LLRBNode$Color getColor() -> m
com.google.firebase.database.collection.LLRBValueNode -> com.google.firebase.o.a.j:
    com.google.firebase.database.collection.LLRBNode right -> d
    com.google.firebase.database.collection.LLRBNode left -> c
    java.lang.Object value -> b
    java.lang.Object key -> a
    com.google.firebase.database.collection.LLRBNode getRight() -> a
    com.google.firebase.database.collection.LLRBNode copy(java.lang.Object,java.lang.Object,com.google.firebase.database.collection.LLRBNode$Color,com.google.firebase.database.collection.LLRBNode,com.google.firebase.database.collection.LLRBNode) -> b
    com.google.firebase.database.collection.LLRBNode getLeft() -> c
    com.google.firebase.database.collection.LLRBNode insert(java.lang.Object,java.lang.Object,java.util.Comparator) -> d
    com.google.firebase.database.collection.LLRBNode remove(java.lang.Object,java.util.Comparator) -> e
    com.google.firebase.database.collection.LLRBNode getMin() -> f
    com.google.firebase.database.collection.LLRBNode getMax() -> h
    com.google.firebase.database.collection.LLRBValueNode colorFlip() -> i
    com.google.firebase.database.collection.LLRBValueNode copy(java.lang.Object,java.lang.Object,com.google.firebase.database.collection.LLRBNode$Color,com.google.firebase.database.collection.LLRBNode,com.google.firebase.database.collection.LLRBNode) -> j
com.google.firebase.database.collection.RBTreeSortedMap -> com.google.firebase.o.a.k:
    java.util.Comparator comparator -> k
    com.google.firebase.database.collection.LLRBNode root -> j
    com.google.firebase.database.collection.RBTreeSortedMap fromMap(java.util.Map,java.util.Comparator) -> A
    com.google.firebase.database.collection.LLRBNode getNode(java.lang.Object) -> B
    boolean containsKey(java.lang.Object) -> d
    java.lang.Object get(java.lang.Object) -> g
    java.util.Comparator getComparator() -> i
    java.lang.Object getMaxKey() -> l
    java.lang.Object getMinKey() -> m
    com.google.firebase.database.collection.ImmutableSortedMap insert(java.lang.Object,java.lang.Object) -> t
    java.util.Iterator iteratorFrom(java.lang.Object) -> u
    com.google.firebase.database.collection.ImmutableSortedMap remove(java.lang.Object) -> w
    com.google.firebase.database.collection.RBTreeSortedMap buildFrom(java.util.List,java.util.Map,com.google.firebase.database.collection.ImmutableSortedMap$Builder$KeyTranslator,java.util.Comparator) -> z
com.google.firebase.database.collection.RBTreeSortedMap$1 -> com.google.firebase.o.a.k$a: