build/app/outputs/mapping/release/usage.txt
com.example.fruits.R
com.example.fruits.R$layout
com.example.fruits.R$styleable
com.example.fruits.R$mipmap
com.example.fruits.R$integer
com.example.fruits.R$style
com.example.fruits.R$color
com.example.fruits.R$string
com.example.fruits.R$id
com.example.fruits.R$attr
com.example.fruits.R$dimen
com.example.fruits.R$drawable
com.example.fruits.BuildConfig
...
com.google.common.util.concurrent.ClosingFuture$9
com.google.common.eventbus.SubscriberExceptionContext
kotlin.jvm.internal.BooleanSpreadBuilder
kotlin.system.ProcessKt
com.google.common.io.CountingOutputStream
com.google.common.util.concurrent.ClosingFuture$Combiner2$2
io.grpc.internal.ReflectionLongAdderCounter:
    public long value()
okio.InflaterSource
com.google.android.gms.auth.api.signin.GoogleSignInOptions$Builder
com.squareup.okhttp.internal.io.RealConnection
androidx.customview.widget.ExploreByTouchHelper$2
com.google.android.gms.common.server.response.FastParser
kotlin.reflect.KProperty2$Getter
com.google.api.MetricRule
com.google.rpc.context.AttributeContext$Response$HeadersDefaultEntryHolder
com.squareup.okhttp.internal.http.HttpMethod
okio.ForwardingSource
kotlin.internal.PlatformDependent
com.google.errorprone.annotations.IncompatibleModifiers
com.google.common.cache.CacheBuilder$1
com.google.common.collect.Synchronized$SynchronizedEntry
com.google.firebase.firestore.remote.OnlineStateTracker:
    private static final int MAX_WATCH_STREAM_FAILURES
    private static final int ONLINE_STATE_TIMEOUT_MS
    private static final java.lang.String LOG_TAG
androidx.fragment.app.FragmentPagerAdapter
com.google.common.io.BaseEncoding$1
okio.PushableTimeout
kotlin.ranges.LongProgression$Companion
com.google.common.graph.EdgesConnecting
com.google.common.collect.Iterators$11
com.google.protobuf.FieldSet$FieldDescriptorLite:
    public abstract com.google.protobuf.Internal$EnumLiteMap getEnumType()
com.google.firestore.v1.Target$QueryTargetOrBuilder
com.squareup.okhttp.Cache$CacheResponseBody
io.grpc.android.BuildConfig
kotlin.jvm.functions.Function1
com.google.common.collect.Interners$InternerImpl
io.grpc.internal.ProxyDetectorImpl:
    private static final java.lang.String GRPC_PROXY_ENV_VAR
    static final java.lang.String PROXY_SCHEME
com.google.common.collect.Maps$FilteredEntryMap$EntrySet$1
com.google.common.collect.Cut$AboveAll
kotlin.jvm.internal.FloatCompanionObject
androidx.core.view.ViewPropertyAnimatorListenerAdapter
com.google.android.gms.common.util.DefaultClock:
    public long currentThreadTimeMillis()
com.google.common.graph.ImmutableNetwork$1
com.google.common.util.concurrent.ClosingFuture$12
com.google.longrunning.ListOperationsRequest
com.google.type.TimeOfDayProto
kotlin.ranges.ComparableRange
com.google.common.collect.MapMakerInternalMap$StrongKeyDummyValueEntry$Helper
com.squareup.okhttp.internal.framed.FrameReader
com.google.common.collect.MultimapBuilder$ArrayListSupplier
kotlin.collections.UShortIterator